2022-12-09 18:13:38,645 INFO com.example.RestserviceProjectApplication [main] Starting RestserviceProjectApplication using Java 11.0.14 on WPG02VB66 with PID 20408 (C:\Users\pshettha\IdeaProjects\restservice-project\target\classes started by pshettha in C:\Users\pshettha\IdeaProjects\restservice-project)
2022-12-09 18:13:38,646 DEBUG com.example.RestserviceProjectApplication [main] Running with Spring Boot v2.7.6, Spring v5.3.24
2022-12-09 18:13:38,646 INFO com.example.RestserviceProjectApplication [main] No active profile set, falling back to 1 default profile: "default"
2022-12-09 18:13:40,818 INFO com.example.RestserviceProjectApplication [main] Started RestserviceProjectApplication in 2.432 seconds (JVM running for 3.279)
2022-12-09 18:14:12,828 TRACE com.example.controllers.EmployeeController [http-nio-8080-exec-1] find all method Accessed
2022-12-09 18:14:13,848 TRACE com.example.controllers.EmployeeController [http-nio-8080-exec-3] find all method Accessed
2022-12-09 18:14:14,837 TRACE com.example.controllers.EmployeeController [http-nio-8080-exec-4] find all method Accessed
2022-12-09 18:14:15,586 TRACE com.example.controllers.EmployeeController [http-nio-8080-exec-5] find all method Accessed
2022-12-09 18:14:15,920 TRACE com.example.controllers.EmployeeController [http-nio-8080-exec-6] find all method Accessed
2022-12-09 18:16:02,556 INFO com.example.RestserviceProjectApplication [main] Starting RestserviceProjectApplication using Java 11.0.14 on WPG02VB66 with PID 12884 (C:\Users\pshettha\IdeaProjects\restservice-project\target\classes started by pshettha in C:\Users\pshettha\IdeaProjects\restservice-project)
2022-12-09 18:16:02,559 DEBUG com.example.RestserviceProjectApplication [main] Running with Spring Boot v2.7.6, Spring v5.3.24
2022-12-09 18:16:02,559 INFO com.example.RestserviceProjectApplication [main] No active profile set, falling back to 1 default profile: "default"
2022-12-09 18:16:04,647 INFO com.example.RestserviceProjectApplication [main] Started RestserviceProjectApplication in 2.328 seconds (JVM running for 3.155)
2022-12-09 18:19:50,756 INFO com.example.RestserviceProjectApplication [main] Starting RestserviceProjectApplication using Java 11.0.14 on WPG02VB66 with PID 3672 (C:\Users\pshettha\IdeaProjects\restservice-project\target\classes started by pshettha in C:\Users\pshettha\IdeaProjects\restservice-project)
2022-12-09 18:19:50,757 DEBUG com.example.RestserviceProjectApplication [main] Running with Spring Boot v2.7.6, Spring v5.3.24
2022-12-09 18:19:50,759 INFO com.example.RestserviceProjectApplication [main] No active profile set, falling back to 1 default profile: "default"
2022-12-09 18:19:52,842 INFO com.example.RestserviceProjectApplication [main] Started RestserviceProjectApplication in 2.312 seconds (JVM running for 3.278)
2022-12-09 18:20:00,082 TRACE com.example.controllers.EmployeeController [http-nio-8080-exec-1] find all method Accessed
2022-12-09 18:20:01,119 TRACE com.example.controllers.EmployeeController [http-nio-8080-exec-3] find all method Accessed
2022-12-09 18:20:01,839 TRACE com.example.controllers.EmployeeController [http-nio-8080-exec-4] find all method Accessed
2022-12-09 18:20:02,596 TRACE com.example.controllers.EmployeeController [http-nio-8080-exec-5] find all method Accessed
2022-12-09 18:20:02,953 TRACE com.example.controllers.EmployeeController [http-nio-8080-exec-6] find all method Accessed
2022-12-09 18:20:03,335 TRACE com.example.controllers.EmployeeController [http-nio-8080-exec-7] find all method Accessed
